{"/Users/aaronglenn/alchemy/career-track/02LabCT/lib/Schema.js": {"path":"/Users/aaronglenn/alchemy/career-track/02LabCT/lib/Schema.js","statementMap":{"0":{"start":{"line":1,"column":17},"end":{"line":1,"column":42}},"1":{"start":{"line":3,"column":0},"end":{"line":27,"column":2}},"2":{"start":{"line":5,"column":8},"end":{"line":5,"column":29}},"3":{"start":{"line":6,"column":8},"end":{"line":7,"column":69}},"4":{"start":{"line":7,"column":39},"end":{"line":7,"column":67}},"5":{"start":{"line":11,"column":26},"end":{"line":11,"column":28}},"6":{"start":{"line":12,"column":23},"end":{"line":12,"column":25}},"7":{"start":{"line":13,"column":8},"end":{"line":19,"column":11}},"8":{"start":{"line":14,"column":12},"end":{"line":18,"column":13}},"9":{"start":{"line":15,"column":16},"end":{"line":15,"column":69}},"10":{"start":{"line":17,"column":16},"end":{"line":17,"column":31}},"11":{"start":{"line":21,"column":8},"end":{"line":23,"column":9}},"12":{"start":{"line":22,"column":12},"end":{"line":22,"column":103}},"13":{"start":{"line":25,"column":8},"end":{"line":25,"column":25}}},"fnMap":{"0":{"name":"(anonymous_0)","decl":{"start":{"line":4,"column":4},"end":{"line":4,"column":5}},"loc":{"start":{"line":4,"column":24},"end":{"line":8,"column":5}},"line":4},"1":{"name":"(anonymous_1)","decl":{"start":{"line":7,"column":17},"end":{"line":7,"column":18}},"loc":{"start":{"line":7,"column":39},"end":{"line":7,"column":67}},"line":7},"2":{"name":"(anonymous_2)","decl":{"start":{"line":10,"column":4},"end":{"line":10,"column":5}},"loc":{"start":{"line":10,"column":18},"end":{"line":26,"column":5}},"line":10},"3":{"name":"(anonymous_3)","decl":{"start":{"line":13,"column":32},"end":{"line":13,"column":33}},"loc":{"start":{"line":13,"column":45},"end":{"line":19,"column":9}},"line":13}},"branchMap":{"0":{"loc":{"start":{"line":21,"column":8},"end":{"line":23,"column":9}},"type":"if","locations":[{"start":{"line":21,"column":8},"end":{"line":23,"column":9}},{"start":{"line":21,"column":8},"end":{"line":23,"column":9}}],"line":21}},"s":{"0":1,"1":1,"2":2,"3":2,"4":6,"5":2,"6":2,"7":2,"8":6,"9":6,"10":2,"11":2,"12":1,"13":1},"f":{"0":2,"1":6,"2":2,"3":6},"b":{"0":[1,1]},"_coverageSchema":"43e27e138ebf9cfc5966b082cf9a028302ed4184","hash":"bc97dc2bf6842959ace0e787c2158a79e363e47f"}
,"/Users/aaronglenn/alchemy/career-track/02LabCT/lib/Validator.js": {"path":"/Users/aaronglenn/alchemy/career-track/02LabCT/lib/Validator.js","statementMap":{"0":{"start":{"line":1,"column":22},"end":{"line":1,"column":43}},"1":{"start":{"line":2,"column":0},"end":{"line":17,"column":2}},"2":{"start":{"line":4,"column":4},"end":{"line":4,"column":23}},"3":{"start":{"line":5,"column":4},"end":{"line":5,"column":21}},"4":{"start":{"line":6,"column":4},"end":{"line":6,"column":30}},"5":{"start":{"line":7,"column":4},"end":{"line":7,"column":34}},"6":{"start":{"line":11,"column":18},"end":{"line":11,"column":33}},"7":{"start":{"line":12,"column":4},"end":{"line":12,"column":114}},"8":{"start":{"line":12,"column":33},"end":{"line":12,"column":114}},"9":{"start":{"line":13,"column":4},"end":{"line":13,"column":47}},"10":{"start":{"line":13,"column":35},"end":{"line":13,"column":47}},"11":{"start":{"line":14,"column":4},"end":{"line":14,"column":30}}},"fnMap":{"0":{"name":"(anonymous_0)","decl":{"start":{"line":2,"column":35},"end":{"line":2,"column":36}},"loc":{"start":{"line":3,"column":22},"end":{"line":8,"column":1}},"line":3},"1":{"name":"(anonymous_1)","decl":{"start":{"line":10,"column":0},"end":{"line":10,"column":1}},"loc":{"start":{"line":10,"column":14},"end":{"line":15,"column":1}},"line":10}},"branchMap":{"0":{"loc":{"start":{"line":12,"column":4},"end":{"line":12,"column":114}},"type":"if","locations":[{"start":{"line":12,"column":4},"end":{"line":12,"column":114}},{"start":{"line":12,"column":4},"end":{"line":12,"column":114}}],"line":12},"1":{"loc":{"start":{"line":12,"column":8},"end":{"line":12,"column":31}},"type":"binary-expr","locations":[{"start":{"line":12,"column":8},"end":{"line":12,"column":21}},{"start":{"line":12,"column":25},"end":{"line":12,"column":31}}],"line":12},"2":{"loc":{"start":{"line":13,"column":4},"end":{"line":13,"column":47}},"type":"if","locations":[{"start":{"line":13,"column":4},"end":{"line":13,"column":47}},{"start":{"line":13,"column":4},"end":{"line":13,"column":47}}],"line":13},"3":{"loc":{"start":{"line":13,"column":8},"end":{"line":13,"column":33}},"type":"binary-expr","locations":[{"start":{"line":13,"column":8},"end":{"line":13,"column":23}},{"start":{"line":13,"column":27},"end":{"line":13,"column":33}}],"line":13}},"s":{"0":2,"1":2,"2":8,"3":8,"4":8,"5":8,"6":12,"7":12,"8":2,"9":10,"10":1,"11":9},"f":{"0":8,"1":12},"b":{"0":[2,10],"1":[12,5],"2":[1,9],"3":[10,10]},"_coverageSchema":"43e27e138ebf9cfc5966b082cf9a028302ed4184","hash":"13f347d168ee04023d15125f2a0aa01052e8688f"}
,"/Users/aaronglenn/alchemy/career-track/02LabCT/lib/types.js": {"path":"/Users/aaronglenn/alchemy/career-track/02LabCT/lib/types.js","statementMap":{"0":{"start":{"line":1,"column":17},"end":{"line":1,"column":47}},"1":{"start":{"line":1,"column":24},"end":{"line":1,"column":47}},"2":{"start":{"line":2,"column":17},"end":{"line":2,"column":47}},"3":{"start":{"line":2,"column":24},"end":{"line":2,"column":47}},"4":{"start":{"line":3,"column":18},"end":{"line":3,"column":49}},"5":{"start":{"line":3,"column":25},"end":{"line":3,"column":49}},"6":{"start":{"line":4,"column":16},"end":{"line":4,"column":41}},"7":{"start":{"line":4,"column":23},"end":{"line":4,"column":41}},"8":{"start":{"line":5,"column":17},"end":{"line":5,"column":64}},"9":{"start":{"line":5,"column":24},"end":{"line":5,"column":64}},"10":{"start":{"line":6,"column":19},"end":{"line":6,"column":49}},"11":{"start":{"line":6,"column":26},"end":{"line":6,"column":49}},"12":{"start":{"line":8,"column":21},"end":{"line":14,"column":1}},"13":{"start":{"line":9,"column":4},"end":{"line":9,"column":34}},"14":{"start":{"line":9,"column":23},"end":{"line":9,"column":34}},"15":{"start":{"line":10,"column":4},"end":{"line":10,"column":45}},"16":{"start":{"line":10,"column":23},"end":{"line":10,"column":45}},"17":{"start":{"line":11,"column":4},"end":{"line":11,"column":46}},"18":{"start":{"line":11,"column":24},"end":{"line":11,"column":46}},"19":{"start":{"line":12,"column":4},"end":{"line":12,"column":44}},"20":{"start":{"line":12,"column":22},"end":{"line":12,"column":44}},"21":{"start":{"line":13,"column":4},"end":{"line":13,"column":37}},"22":{"start":{"line":16,"column":21},"end":{"line":21,"column":1}},"23":{"start":{"line":17,"column":4},"end":{"line":17,"column":34}},"24":{"start":{"line":17,"column":23},"end":{"line":17,"column":34}},"25":{"start":{"line":18,"column":19},"end":{"line":18,"column":30}},"26":{"start":{"line":19,"column":4},"end":{"line":19,"column":56}},"27":{"start":{"line":19,"column":23},"end":{"line":19,"column":56}},"28":{"start":{"line":20,"column":4},"end":{"line":20,"column":18}},"29":{"start":{"line":23,"column":22},"end":{"line":28,"column":1}},"30":{"start":{"line":24,"column":4},"end":{"line":24,"column":35}},"31":{"start":{"line":24,"column":24},"end":{"line":24,"column":35}},"32":{"start":{"line":25,"column":4},"end":{"line":25,"column":31}},"33":{"start":{"line":25,"column":19},"end":{"line":25,"column":31}},"34":{"start":{"line":26,"column":4},"end":{"line":26,"column":32}},"35":{"start":{"line":26,"column":19},"end":{"line":26,"column":32}},"36":{"start":{"line":27,"column":4},"end":{"line":27,"column":38}},"37":{"start":{"line":30,"column":20},"end":{"line":36,"column":1}},"38":{"start":{"line":30,"column":30},"end":{"line":36,"column":1}},"39":{"start":{"line":31,"column":4},"end":{"line":35,"column":5}},"40":{"start":{"line":32,"column":8},"end":{"line":32,"column":31}},"41":{"start":{"line":34,"column":8},"end":{"line":34,"column":40}},"42":{"start":{"line":40,"column":21},"end":{"line":40,"column":30}},"43":{"start":{"line":41,"column":8},"end":{"line":41,"column":53}},"44":{"start":{"line":42,"column":8},"end":{"line":42,"column":25}},"45":{"start":{"line":43,"column":8},"end":{"line":43,"column":27}},"46":{"start":{"line":47,"column":16},"end":{"line":51,"column":1}},"47":{"start":{"line":53,"column":18},"end":{"line":57,"column":1}},"48":{"start":{"line":54,"column":4},"end":{"line":54,"column":65}},"49":{"start":{"line":54,"column":23},"end":{"line":54,"column":65}},"50":{"start":{"line":56,"column":4},"end":{"line":56,"column":38}},"51":{"start":{"line":59,"column":0},"end":{"line":72,"column":2}}},"fnMap":{"0":{"name":"(anonymous_0)","decl":{"start":{"line":1,"column":17},"end":{"line":1,"column":18}},"loc":{"start":{"line":1,"column":24},"end":{"line":1,"column":47}},"line":1},"1":{"name":"(anonymous_1)","decl":{"start":{"line":2,"column":17},"end":{"line":2,"column":18}},"loc":{"start":{"line":2,"column":24},"end":{"line":2,"column":47}},"line":2},"2":{"name":"(anonymous_2)","decl":{"start":{"line":3,"column":18},"end":{"line":3,"column":19}},"loc":{"start":{"line":3,"column":25},"end":{"line":3,"column":49}},"line":3},"3":{"name":"(anonymous_3)","decl":{"start":{"line":4,"column":16},"end":{"line":4,"column":17}},"loc":{"start":{"line":4,"column":23},"end":{"line":4,"column":41}},"line":4},"4":{"name":"(anonymous_4)","decl":{"start":{"line":5,"column":17},"end":{"line":5,"column":18}},"loc":{"start":{"line":5,"column":24},"end":{"line":5,"column":64}},"line":5},"5":{"name":"(anonymous_5)","decl":{"start":{"line":6,"column":19},"end":{"line":6,"column":20}},"loc":{"start":{"line":6,"column":26},"end":{"line":6,"column":49}},"line":6},"6":{"name":"(anonymous_6)","decl":{"start":{"line":8,"column":21},"end":{"line":8,"column":22}},"loc":{"start":{"line":8,"column":28},"end":{"line":14,"column":1}},"line":8},"7":{"name":"(anonymous_7)","decl":{"start":{"line":16,"column":21},"end":{"line":16,"column":22}},"loc":{"start":{"line":16,"column":28},"end":{"line":21,"column":1}},"line":16},"8":{"name":"(anonymous_8)","decl":{"start":{"line":23,"column":22},"end":{"line":23,"column":23}},"loc":{"start":{"line":23,"column":29},"end":{"line":28,"column":1}},"line":23},"9":{"name":"(anonymous_9)","decl":{"start":{"line":30,"column":20},"end":{"line":30,"column":21}},"loc":{"start":{"line":30,"column":30},"end":{"line":36,"column":1}},"line":30},"10":{"name":"(anonymous_10)","decl":{"start":{"line":30,"column":30},"end":{"line":30,"column":31}},"loc":{"start":{"line":30,"column":37},"end":{"line":36,"column":1}},"line":30},"11":{"name":"(anonymous_11)","decl":{"start":{"line":39,"column":4},"end":{"line":39,"column":5}},"loc":{"start":{"line":39,"column":29},"end":{"line":44,"column":5}},"line":39},"12":{"name":"(anonymous_12)","decl":{"start":{"line":53,"column":18},"end":{"line":53,"column":19}},"loc":{"start":{"line":53,"column":26},"end":{"line":57,"column":1}},"line":53}},"branchMap":{"0":{"loc":{"start":{"line":5,"column":24},"end":{"line":5,"column":64}},"type":"binary-expr","locations":[{"start":{"line":5,"column":24},"end":{"line":5,"column":47}},{"start":{"line":5,"column":51},"end":{"line":5,"column":64}}],"line":5},"1":{"loc":{"start":{"line":9,"column":4},"end":{"line":9,"column":34}},"type":"if","locations":[{"start":{"line":9,"column":4},"end":{"line":9,"column":34}},{"start":{"line":9,"column":4},"end":{"line":9,"column":34}}],"line":9},"2":{"loc":{"start":{"line":10,"column":4},"end":{"line":10,"column":45}},"type":"if","locations":[{"start":{"line":10,"column":4},"end":{"line":10,"column":45}},{"start":{"line":10,"column":4},"end":{"line":10,"column":45}}],"line":10},"3":{"loc":{"start":{"line":11,"column":4},"end":{"line":11,"column":46}},"type":"if","locations":[{"start":{"line":11,"column":4},"end":{"line":11,"column":46}},{"start":{"line":11,"column":4},"end":{"line":11,"column":46}}],"line":11},"4":{"loc":{"start":{"line":12,"column":4},"end":{"line":12,"column":44}},"type":"if","locations":[{"start":{"line":12,"column":4},"end":{"line":12,"column":44}},{"start":{"line":12,"column":4},"end":{"line":12,"column":44}}],"line":12},"5":{"loc":{"start":{"line":17,"column":4},"end":{"line":17,"column":34}},"type":"if","locations":[{"start":{"line":17,"column":4},"end":{"line":17,"column":34}},{"start":{"line":17,"column":4},"end":{"line":17,"column":34}}],"line":17},"6":{"loc":{"start":{"line":19,"column":4},"end":{"line":19,"column":56}},"type":"if","locations":[{"start":{"line":19,"column":4},"end":{"line":19,"column":56}},{"start":{"line":19,"column":4},"end":{"line":19,"column":56}}],"line":19},"7":{"loc":{"start":{"line":24,"column":4},"end":{"line":24,"column":35}},"type":"if","locations":[{"start":{"line":24,"column":4},"end":{"line":24,"column":35}},{"start":{"line":24,"column":4},"end":{"line":24,"column":35}}],"line":24},"8":{"loc":{"start":{"line":25,"column":4},"end":{"line":25,"column":31}},"type":"if","locations":[{"start":{"line":25,"column":4},"end":{"line":25,"column":31}},{"start":{"line":25,"column":4},"end":{"line":25,"column":31}}],"line":25},"9":{"loc":{"start":{"line":26,"column":4},"end":{"line":26,"column":32}},"type":"if","locations":[{"start":{"line":26,"column":4},"end":{"line":26,"column":32}},{"start":{"line":26,"column":4},"end":{"line":26,"column":32}}],"line":26},"10":{"loc":{"start":{"line":54,"column":4},"end":{"line":54,"column":65}},"type":"if","locations":[{"start":{"line":54,"column":4},"end":{"line":54,"column":65}},{"start":{"line":54,"column":4},"end":{"line":54,"column":65}}],"line":54},"11":{"loc":{"start":{"line":56,"column":11},"end":{"line":56,"column":37}},"type":"binary-expr","locations":[{"start":{"line":56,"column":11},"end":{"line":56,"column":29}},{"start":{"line":56,"column":33},"end":{"line":56,"column":37}}],"line":56}},"s":{"0":3,"1":19,"2":3,"3":26,"4":3,"5":18,"6":3,"7":24,"8":3,"9":6,"10":3,"11":6,"12":3,"13":13,"14":6,"15":7,"16":2,"17":5,"18":2,"19":3,"20":1,"21":2,"22":3,"23":13,"24":4,"25":9,"26":9,"27":4,"28":5,"29":3,"30":6,"31":2,"32":4,"33":1,"34":3,"35":1,"36":2,"37":3,"38":4,"39":3,"40":3,"41":2,"42":10,"43":10,"44":10,"45":10,"46":3,"47":3,"48":13,"49":1,"50":12,"51":3},"f":{"0":19,"1":26,"2":18,"3":24,"4":6,"5":6,"6":13,"7":13,"8":6,"9":4,"10":3,"11":10,"12":13},"b":{"0":[6,2],"1":[6,7],"2":[2,5],"3":[2,3],"4":[1,2],"5":[4,9],"6":[4,5],"7":[2,4],"8":[1,3],"9":[1,2],"10":[1,12],"11":[12,1]},"_coverageSchema":"43e27e138ebf9cfc5966b082cf9a028302ed4184","hash":"8ef701b0cc9c28da3baee792707379685b620677"}
}
